<?xml version="1.0" encoding="UTF-8"?>
<!-- Generated by org.testng.reporters.JUnitReportReporter -->
<testsuite hostname="DESKTOP-C2Q6JB7" failures="0" tests="1" name="orengeHRM.TestCases.AdminLoginWithInValidCredentials" time="0.819" errors="0" timestamp="09 Feb 2024 04:57:08 GMT" skipped="0">
  <testcase classname="orengeHRM.TestCases.AdminLoginWithInValidCredentials" name="adminLogin" time="0.819"/>
</testsuite> <!-- orengeHRM.TestCases.AdminLoginWithInValidCredentials -->
