<?xml version="1.0" encoding="UTF-8"?>
<!-- Generated by org.testng.reporters.JUnitReportReporter -->
<testsuite hostname="DESKTOP-C2Q6JB7" failures="0" tests="1" name="orengeHRM.TestCases.AdminLoginWithValidCredentials" time="4.745" errors="0" timestamp="09 Feb 2024 04:57:08 GMT" skipped="0">
  <testcase classname="orengeHRM.TestCases.AdminLoginWithValidCredentials" name="adminLogin" time="4.745"/>
</testsuite> <!-- orengeHRM.TestCases.AdminLoginWithValidCredentials -->
