<?xml version="1.0" encoding="UTF-8"?>
<!-- Generated by org.testng.reporters.JUnitReportReporter -->
<testsuite hostname="DESKTOP-C2Q6JB7" failures="0" tests="1" name="orengeHRM.TestCases.NewEmployeeRegistration" time="5.709" errors="0" timestamp="11 Feb 2024 15:15:43 GMT" skipped="0">
  <testcase classname="orengeHRM.TestCases.NewEmployeeRegistration" name="newEmpReg" time="5.709"/>
</testsuite> <!-- orengeHRM.TestCases.NewEmployeeRegistration -->
