<?xml version="1.0" encoding="UTF-8"?>
<!-- Generated by org.testng.reporters.JUnitReportReporter -->
<testsuite hostname="DESKTOP-C2Q6JB7" failures="0" tests="1" name="orengeHRM.TestCases.NewEmployeeRegistration" time="3.624" errors="0" timestamp="01 Apr 2024 07:03:02 GMT" skipped="0">
  <testcase classname="orengeHRM.TestCases.NewEmployeeRegistration" name="newEmpReg" time="3.624"/>
</testsuite> <!-- orengeHRM.TestCases.NewEmployeeRegistration -->
