<?xml version="1.0" encoding="UTF-8"?>
<!-- Generated by org.testng.reporters.JUnitReportReporter -->
<testsuite hostname="DESKTOP-C2Q6JB7" failures="0" tests="1" name="orengeHRM.TestCases.AdminLoginWithValidCredentials" time="5.732" errors="0" timestamp="11 Feb 2024 15:14:40 GMT" skipped="0">
  <testcase classname="orengeHRM.TestCases.AdminLoginWithValidCredentials" name="adminLogin" time="5.732"/>
</testsuite> <!-- orengeHRM.TestCases.AdminLoginWithValidCredentials -->
