<?xml version="1.0" encoding="UTF-8"?>
<!-- Generated by org.testng.reporters.JUnitReportReporter -->
<testsuite hostname="DESKTOP-C2Q6JB7" failures="0" tests="1" name="orengeHRM.TestCases.EmployeeLoginWithValidCredentials" time="13.940" errors="0" timestamp="11 Feb 2024 16:10:56 GMT" skipped="0">
  <testcase classname="orengeHRM.TestCases.EmployeeLoginWithValidCredentials" name="empLogin" time="13.940"/>
</testsuite> <!-- orengeHRM.TestCases.EmployeeLoginWithValidCredentials -->
